

*******************************************************************************
Mon Feb 23 11:48:36 2026


FIT:    data read from data u 1:3
        format = x:z
        x range restricted to [0.00000 : 960.000]
        #datapoints = 31
        residuals are weighted equally (unit weight)

function used for fitting: y45(x)
	y45(x) = m45*x + m45i
fitted parameters initialized with current variable values

iter      chisq       delta/lim  lambda   m45           m45i         
   0 1.8490161290e+00   0.00e+00  1.01e+01    2.707258e-02   1.062500e+00
   1 1.8490161290e+00  -6.24e-10  1.01e+00    2.707258e-02   1.062500e+00

After 1 iterations the fit converged.
final sum of squares of residuals : 1.84902
rel. change during last iteration : -6.24457e-15

degrees of freedom    (FIT_NDF)                        : 29
rms of residuals      (FIT_STDFIT) = sqrt(WSSR/ndf)    : 0.252506
variance of residuals (reduced chisquare) = WSSR/ndf   : 0.0637592

Final set of parameters            Asymptotic Standard Error
=======================            ==========================
m45             = 0.0270726        +/- 0.000169     (0.6243%)
m45i            = 1.0625           +/- 0.08855      (8.334%)

correlation matrix of the fit parameters:
                m45    m45i   
m45             1.000 
m45i           -0.859  1.000 


*******************************************************************************
Mon Feb 23 11:48:36 2026


FIT:    data read from data u 1:4
        format = x:z
        x range restricted to [0.00000 : 960.000]
        #datapoints = 31
        residuals are weighted equally (unit weight)

function used for fitting: y40(x)
	y40(x) = m40*x + m40i
fitted parameters initialized with current variable values

iter      chisq       delta/lim  lambda   m40           m40i         
   0 5.5286290323e-02   0.00e+00  2.02e+01    2.205242e-02   2.612802e+01
   1 5.5286290323e-02  -3.40e-09  2.02e+00    2.205242e-02   2.612802e+01

After 1 iterations the fit converged.
final sum of squares of residuals : 0.0552863
rel. change during last iteration : -3.40128e-14

degrees of freedom    (FIT_NDF)                        : 29
rms of residuals      (FIT_STDFIT) = sqrt(WSSR/ndf)    : 0.0436626
variance of residuals (reduced chisquare) = WSSR/ndf   : 0.00190642

Final set of parameters            Asymptotic Standard Error
=======================            ==========================
m40             = 0.0220524        +/- 2.923e-05    (0.1325%)
m40i            = 26.128           +/- 0.01531      (0.0586%)

correlation matrix of the fit parameters:
                m40    m40i   
m40             1.000 
m40i           -0.859  1.000 


*******************************************************************************
Mon Feb 23 11:48:36 2026


FIT:    data read from data u 1:5
        format = x:z
        x range restricted to [0.00000 : 960.000]
        #datapoints = 31
        residuals are weighted equally (unit weight)

function used for fitting: y30(x)
	y30(x) = m30*x + m30i
fitted parameters initialized with current variable values

iter      chisq       delta/lim  lambda   m30           m30i         
   0 6.2564516129e-02   0.00e+00  3.41e+01    1.693817e-02   4.738750e+01
   1 6.2564516129e-02   0.00e+00  3.41e+02    1.693817e-02   4.738750e+01

After 1 iterations the fit converged.
final sum of squares of residuals : 0.0625645
rel. change during last iteration : 0

degrees of freedom    (FIT_NDF)                        : 29
rms of residuals      (FIT_STDFIT) = sqrt(WSSR/ndf)    : 0.0464478
variance of residuals (reduced chisquare) = WSSR/ndf   : 0.0021574

Final set of parameters            Asymptotic Standard Error
=======================            ==========================
m30             = 0.0169382        +/- 3.109e-05    (0.1835%)
m30i            = 47.3875          +/- 0.01629      (0.03437%)

correlation matrix of the fit parameters:
                m30    m30i   
m30             1.000 
m30i           -0.859  1.000 


*******************************************************************************
Mon Feb 23 11:48:36 2026


FIT:    data read from data u 1:6
        format = x:z
        x range restricted to [0.00000 : 960.000]
        #datapoints = 31
        residuals are weighted equally (unit weight)

function used for fitting: y25(x)
	y25(x) = m25*x + m25i
fitted parameters initialized with current variable values

iter      chisq       delta/lim  lambda   m25           m25i         
   0 3.3935483871e-02   0.00e+00  4.52e+01    1.538710e-02   6.335645e+01
   1 3.3935483871e-02   0.00e+00  4.52e+03    1.538710e-02   6.335645e+01

After 1 iterations the fit converged.
final sum of squares of residuals : 0.0339355
rel. change during last iteration : 0

degrees of freedom    (FIT_NDF)                        : 29
rms of residuals      (FIT_STDFIT) = sqrt(WSSR/ndf)    : 0.034208
variance of residuals (reduced chisquare) = WSSR/ndf   : 0.00117019

Final set of parameters            Asymptotic Standard Error
=======================            ==========================
m25             = 0.0153871        +/- 2.29e-05     (0.1488%)
m25i            = 63.3565          +/- 0.012        (0.01893%)

correlation matrix of the fit parameters:
                m25    m25i   
m25             1.000 
m25i           -0.859  1.000 


*******************************************************************************
Mon Feb 23 11:48:36 2026


FIT:    data read from data u 1:7
        format = x:z
        x range restricted to [0.00000 : 960.000]
        #datapoints = 31
        residuals are weighted equally (unit weight)

function used for fitting: y0(x)
	y0(x) = m0*x + m0i
fitted parameters initialized with current variable values

iter      chisq       delta/lim  lambda   m0            m0i          
   0 1.6953225806e-01   0.00e+00  5.49e+01    1.068011e-02   7.741008e+01
   1 1.6953225806e-01   0.00e+00  5.49e+00    1.068011e-02   7.741008e+01

After 1 iterations the fit converged.
final sum of squares of residuals : 0.169532
rel. change during last iteration : 0

degrees of freedom    (FIT_NDF)                        : 29
rms of residuals      (FIT_STDFIT) = sqrt(WSSR/ndf)    : 0.0764587
variance of residuals (reduced chisquare) = WSSR/ndf   : 0.00584594

Final set of parameters            Asymptotic Standard Error
=======================            ==========================
m0              = 0.0106801        +/- 5.118e-05    (0.4792%)
m0i             = 77.4101          +/- 0.02681      (0.03464%)

correlation matrix of the fit parameters:
                m0     m0i    
m0              1.000 
m0i            -0.859  1.000 


*******************************************************************************
Mon Feb 23 22:53:32 2026


FIT:    data read from data u 3:1
        format = x:z
        x range restricted to [-3.00000 : 0.00000]
        #datapoints = 5
        residuals are weighted equally (unit weight)

function used for fitting: m(x)
	m(x) = -1/dh*x + Q/dh
fitted parameters initialized with current variable values

iter      chisq       delta/lim  lambda   dh            Q            
   0 2.1329750000e-04   0.00e+00  9.78e-03    2.000000e+02   1.000000e+00
   5 1.4079093737e-06  -3.22e-03  9.78e-08    1.731571e+02   1.798592e+00

After 5 iterations the fit converged.
final sum of squares of residuals : 1.40791e-06
rel. change during last iteration : -3.2196e-08

degrees of freedom    (FIT_NDF)                        : 3
rms of residuals      (FIT_STDFIT) = sqrt(WSSR/ndf)    : 0.000685057
variance of residuals (reduced chisquare) = WSSR/ndf   : 4.69303e-07

Final set of parameters            Asymptotic Standard Error
=======================            ==========================
dh              = 173.157          +/- 9.45         (5.458%)
Q               = 1.79859          +/- 0.1819       (10.11%)

correlation matrix of the fit parameters:
                dh     Q      
dh              1.000 
Q               0.957  1.000 
